[06-Apr-2026 02:36:29 UTC] PHP Warning:  Undefined array key "host" in /workspaces/Assignment-4/.wordpress/wp-includes/pluggable.php on line 1721
[06-Apr-2026 03:25:18 UTC] PHP Warning:  Undefined variable $parent_theme_name in /workspaces/Assignment-4/.wordpress/wp-content/mu-plugins/one-click-child-theme/templates/create_child_form.php on line 18
[06-Apr-2026 03:33:04 UTC] PHP Fatal error:  Out of memory (allocated 33554432 bytes) (tried to allocate 2097152 bytes) in /workspaces/Assignment-4/.wordpress/wp-admin/includes/class-wp-list-table.php on line 1127
[06-Apr-2026 03:33:14 UTC] PHP Fatal error:  Out of memory (allocated 31457280 bytes) (tried to allocate 28672 bytes) in /workspaces/Assignment-4/.wordpress/wp-admin/includes/post.php on line 642
[06-Apr-2026 03:33:24 UTC] PHP Fatal error:  Out of memory (allocated 31457280 bytes) (tried to allocate 28672 bytes) in /workspaces/Assignment-4/.wordpress/wp-admin/includes/post.php on line 642
[06-Apr-2026 03:33:26 UTC] PHP Fatal error:  Out of memory (allocated 31457280 bytes) (tried to allocate 8192 bytes) in /workspaces/Assignment-4/.wordpress/wp-admin/includes/post.php on line 1257
[06-Apr-2026 03:33:32 UTC] PHP Fatal error:  Out of memory (allocated 31457280 bytes) (tried to allocate 8192 bytes) in /workspaces/Assignment-4/.wordpress/wp-admin/includes/post.php on line 1257
[06-Apr-2026 03:33:34 UTC] PHP Fatal error:  Out of memory (allocated 31457280 bytes) (tried to allocate 28672 bytes) in /workspaces/Assignment-4/.wordpress/wp-admin/includes/post.php on line 642
[06-Apr-2026 03:33:45 UTC] PHP Fatal error:  Out of memory (allocated 31457280 bytes) (tried to allocate 28672 bytes) in /workspaces/Assignment-4/.wordpress/wp-admin/includes/post.php on line 642
[06-Apr-2026 03:33:57 UTC] PHP Fatal error:  Out of memory (allocated 31457280 bytes) (tried to allocate 28672 bytes) in /workspaces/Assignment-4/.wordpress/wp-admin/includes/post.php on line 130
[06-Apr-2026 03:34:04 UTC] PHP Fatal error:  Out of memory (allocated 31457280 bytes) (tried to allocate 28672 bytes) in /workspaces/Assignment-4/.wordpress/wp-admin/includes/post.php on line 642
[06-Apr-2026 03:34:08 UTC] PHP Fatal error:  Out of memory (allocated 31457280 bytes) (tried to allocate 98304 bytes) in /workspaces/Assignment-4/.wordpress/wp-includes/rest-api/endpoints/class-wp-rest-attachments-controller.php on line 1440
[06-Apr-2026 03:34:14 UTC] PHP Fatal error:  Out of memory (allocated 31457280 bytes) (tried to allocate 28672 bytes) in /workspaces/Assignment-4/.wordpress/wp-admin/includes/post.php on line 642
[06-Apr-2026 03:34:17 UTC] PHP Fatal error:  Out of memory (allocated 31457280 bytes) (tried to allocate 4096 bytes) in /workspaces/Assignment-4/.wordpress/wp-includes/class-wp-theme-json.php on line 1018
[06-Apr-2026 03:34:17 UTC] PHP Fatal error:  Out of memory (allocated 31457280 bytes) (tried to allocate 32768 bytes) in /workspaces/Assignment-4/.wordpress/wp-includes/plugin.php on line 177
[06-Apr-2026 03:34:22 UTC] PHP Fatal error:  Out of memory (allocated 31457280 bytes) (tried to allocate 8192 bytes) in /workspaces/Assignment-4/.wordpress/wp-admin/includes/post.php on line 1350
[06-Apr-2026 03:34:22 UTC] PHP Fatal error:  Out of memory (allocated 31457280 bytes) (tried to allocate 20480 bytes) in /workspaces/Assignment-4/.wordpress/wp-content/mu-plugins/sqlite-database-integration/wp-includes/sqlite/class-wp-sqlite-lexer.php on line 1532
[06-Apr-2026 04:34:47 UTC] PHP Fatal error:  Out of memory (allocated 31457280 bytes) (tried to allocate 86016 bytes) in /workspaces/Assignment-4/.wordpress/wp-admin/includes/admin.php on line 55
[06-Apr-2026 04:34:53 UTC] PHP Fatal error:  Out of memory (allocated 31457280 bytes) (tried to allocate 20480 bytes) in /workspaces/Assignment-4/.wordpress/wp-includes/class-wp-theme-json.php on line 1127
[06-Apr-2026 04:34:53 UTC] PHP Fatal error:  Out of memory (allocated 31457280 bytes) (tried to allocate 20480 bytes) in /workspaces/Assignment-4/.wordpress/wp-includes/class-wp-fatal-error-handler.php on line 203
[06-Apr-2026 04:34:57 UTC] PHP Fatal error:  Out of memory (allocated 31457280 bytes) (tried to allocate 86016 bytes) in /workspaces/Assignment-4/.wordpress/wp-admin/includes/admin.php on line 55
[06-Apr-2026 04:35:07 UTC] PHP Fatal error:  Out of memory (allocated 31457280 bytes) (tried to allocate 86016 bytes) in /workspaces/Assignment-4/.wordpress/wp-admin/includes/admin.php on line 55
[06-Apr-2026 04:35:08 UTC] PHP Fatal error:  Out of memory (allocated 31457280 bytes) (tried to allocate 12288 bytes) in /workspaces/Assignment-4/.wordpress/wp-admin/includes/post.php on line 86
[06-Apr-2026 04:35:14 UTC] PHP Fatal error:  Out of memory (allocated 31457280 bytes) (tried to allocate 86016 bytes) in /workspaces/Assignment-4/.wordpress/wp-admin/includes/admin.php on line 55
